# JRE version: OpenJDK Runtime Environment (21.0.10) (build 21.0.10+-14961533-b1163.108)
# Java VM: OpenJDK 64-Bit Server VM (21.0.10+-14961533-b1163.108, mixed mode, tiered, compressed oops, compressed class ptrs, g1 gc, windows-amd64)
GC Precious Log:
 CardTable entry size: 512
 Card Set container configuration: InlinePtr #cards 4 size 8 Array Of Cards #cards 16 size 48 Howl #buckets 8 coarsen threshold 3686 Howl Bitmap #cards 512 size 80 coarsen threshold 460 Card regions per heap region 1 cards per card region 4096
 CPUs: 12 total, 12 available
 Memory: 7895M
 Large Page Support: Disabled
 NUMA Support: Disabled
 Compressed Oops: Enabled (Zero based)
 Heap Region Size: 2M
 Heap Min Capacity: 8M
 Heap Initial Capacity: 124M
 Heap Max Capacity: 4G
 Pre-touch: Disabled
 Parallel Workers: 10
 Concurrent Workers: 3
 Concurrent Refinement Workers: 10
 Periodic GC: Disabled
Heap:
 garbage-first heap   total 137216K, used 107614K [0x0000000700000000, 0x0000000800000000)
  region size 2048K, 15 young (30720K), 1 survivors (2048K)
 Metaspace       used 83783K, committed 85888K, reserved 983040K
  class space    used 11805K, committed 12800K, reserved 851968K
GC Heap History (20 events):
Event: 7.991 GC heap before
{Heap before GC invocations=15 (full 0):
 garbage-first heap   total 110592K, used 93957K [0x0000000700000000, 0x0000000800000000)
  region size 2048K, 29 young (59392K), 3 survivors (6144K)
 Metaspace       used 69531K, committed 71424K, reserved 917504K
  class space    used 9931K, committed 10880K, reserved 851968K
}
Event: 7.996 GC heap after
{Heap after GC invocations=16 (full 0):
 garbage-first heap   total 110592K, used 47352K [0x0000000700000000, 0x0000000800000000)
  region size 2048K, 4 young (8192K), 4 survivors (8192K)
 Metaspace       used 69531K, committed 71424K, reserved 917504K
  class space    used 9931K, committed 10880K, reserved 851968K
}
Event: 8.878 GC heap before
{Heap before GC invocations=16 (full 0):
 garbage-first heap   total 110592K, used 94456K [0x0000000700000000, 0x0000000800000000)
  region size 2048K, 28 young (57344K), 4 survivors (8192K)
 Metaspace       used 71804K, committed 73728K, reserved 917504K
  class space    used 10240K, committed 11200K, reserved 851968K
}
Event: 8.882 GC heap after
{Heap after GC invocations=17 (full 0):
 garbage-first heap   total 112640K, used 53429K [0x0000000700000000, 0x0000000800000000)
  region size 2048K, 4 young (8192K), 4 survivors (8192K)
 Metaspace       used 71804K, committed 73728K, reserved 917504K
  class space    used 10240K, committed 11200K, reserved 851968K
}
Event: 9.089 GC heap before
{Heap before GC invocations=17 (full 0):
 garbage-first heap   total 112640K, used 94389K [0x0000000700000000, 0x0000000800000000)
  region size 2048K, 25 young (51200K), 4 survivors (8192K)
 Metaspace       used 72083K, committed 74048K, reserved 917504K
  class space    used 10241K, committed 11200K, reserved 851968K
}
Event: 9.092 GC heap after
{Heap after GC invocations=18 (full 0):
 garbage-first heap   total 112640K, used 55101K [0x0000000700000000, 0x0000000800000000)
  region size 2048K, 2 young (4096K), 2 survivors (4096K)
 Metaspace       used 72083K, committed 74048K, reserved 917504K
  class space    used 10241K, committed 11200K, reserved 851968K
}
Event: 9.252 GC heap before
{Heap before GC invocations=18 (full 0):
 garbage-first heap   total 112640K, used 96061K [0x0000000700000000, 0x0000000800000000)
  region size 2048K, 23 young (47104K), 2 survivors (4096K)
 Metaspace       used 72293K, committed 74240K, reserved 917504K
  class space    used 10241K, committed 11200K, reserved 851968K
}
Event: 9.254 GC heap after
{Heap after GC invocations=19 (full 0):
 garbage-first heap   total 112640K, used 56092K [0x0000000700000000, 0x0000000800000000)
  region size 2048K, 2 young (4096K), 2 survivors (4096K)
 Metaspace       used 72293K, committed 74240K, reserved 917504K
  class space    used 10241K, committed 11200K, reserved 851968K
}
Event: 9.388 GC heap before
{Heap before GC invocations=20 (full 0):
 garbage-first heap   total 112640K, used 97052K [0x0000000700000000, 0x0000000800000000)
  region size 2048K, 23 young (47104K), 2 survivors (4096K)
 Metaspace       used 72311K, committed 74240K, reserved 917504K
  class space    used 10241K, committed 11200K, reserved 851968K
}
Event: 9.390 GC heap after
{Heap after GC invocations=21 (full 0):
 garbage-first heap   total 112640K, used 56681K [0x0000000700000000, 0x0000000800000000)
  region size 2048K, 2 young (4096K), 2 survivors (4096K)
 Metaspace       used 72311K, committed 74240K, reserved 917504K
  class space    used 10241K, committed 11200K, reserved 851968K
}
Event: 10.964 GC heap before
{Heap before GC invocations=21 (full 0):
 garbage-first heap   total 112640K, used 101737K [0x0000000700000000, 0x0000000800000000)
  region size 2048K, 23 young (47104K), 2 survivors (4096K)
 Metaspace       used 73653K, committed 75584K, reserved 917504K
  class space    used 10394K, committed 11328K, reserved 851968K
}
Event: 10.969 GC heap after
{Heap after GC invocations=22 (full 0):
 garbage-first heap   total 120832K, used 70128K [0x0000000700000000, 0x0000000800000000)
  region size 2048K, 3 young (6144K), 3 survivors (6144K)
 Metaspace       used 73653K, committed 75584K, reserved 917504K
  class space    used 10394K, committed 11328K, reserved 851968K
}
Event: 11.323 GC heap before
{Heap before GC invocations=22 (full 0):
 garbage-first heap   total 120832K, used 102896K [0x0000000700000000, 0x0000000800000000)
  region size 2048K, 19 young (38912K), 3 survivors (6144K)
 Metaspace       used 76123K, committed 78144K, reserved 983040K
  class space    used 10693K, committed 11648K, reserved 851968K
}
Event: 11.325 GC heap after
{Heap after GC invocations=23 (full 0):
 garbage-first heap   total 120832K, used 72694K [0x0000000700000000, 0x0000000800000000)
  region size 2048K, 1 young (2048K), 1 survivors (2048K)
 Metaspace       used 76123K, committed 78144K, reserved 983040K
  class space    used 10693K, committed 11648K, reserved 851968K
}
Event: 11.740 GC heap before
{Heap before GC invocations=24 (full 0):
 garbage-first heap   total 122880K, used 105462K [0x0000000700000000, 0x0000000800000000)
  region size 2048K, 17 young (34816K), 1 survivors (2048K)
 Metaspace       used 79386K, committed 81472K, reserved 983040K
  class space    used 11185K, committed 12224K, reserved 851968K
}
Event: 11.743 GC heap after
{Heap after GC invocations=25 (full 0):
 garbage-first heap   total 122880K, used 73543K [0x0000000700000000, 0x0000000800000000)
  region size 2048K, 2 young (4096K), 2 survivors (4096K)
 Metaspace       used 79386K, committed 81472K, reserved 983040K
  class space    used 11185K, committed 12224K, reserved 851968K
}
Event: 11.929 GC heap before
{Heap before GC invocations=25 (full 0):
 garbage-first heap   total 122880K, used 104263K [0x0000000700000000, 0x0000000800000000)
  region size 2048K, 18 young (36864K), 2 survivors (4096K)
 Metaspace       used 80174K, committed 82240K, reserved 983040K
  class space    used 11310K, committed 12288K, reserved 851968K
}
Event: 11.933 GC heap after
{Heap after GC invocations=26 (full 0):
 garbage-first heap   total 122880K, used 78620K [0x0000000700000000, 0x0000000800000000)
  region size 2048K, 3 young (6144K), 3 survivors (6144K)
 Metaspace       used 80174K, committed 82240K, reserved 983040K
  class space    used 11310K, committed 12288K, reserved 851968K
}
Event: 12.198 GC heap before
{Heap before GC invocations=26 (full 0):
 garbage-first heap   total 122880K, used 107292K [0x0000000700000000, 0x0000000800000000)
  region size 2048K, 17 young (34816K), 3 survivors (6144K)
 Metaspace       used 81990K, committed 84032K, reserved 983040K
  class space    used 11556K, committed 12544K, reserved 851968K
}
Event: 12.201 GC heap after
{Heap after GC invocations=27 (full 0):
 garbage-first heap   total 122880K, used 80990K [0x0000000700000000, 0x0000000800000000)
  region size 2048K, 1 young (2048K), 1 survivors (2048K)
 Metaspace       used 81990K, committed 84032K, reserved 983040K
  class space    used 11556K, committed 12544K, reserved 851968K
}

