# JRE version: OpenJDK Runtime Environment (21.0.10) (build 21.0.10+-14961533-b1163.108)
# Java VM: OpenJDK 64-Bit Server VM (21.0.10+-14961533-b1163.108, mixed mode, tiered, compressed oops, compressed class ptrs, g1 gc, windows-amd64)
GC Precious Log:
 CardTable entry size: 512
 Card Set container configuration: InlinePtr #cards 4 size 8 Array Of Cards #cards 16 size 48 Howl #buckets 8 coarsen threshold 3686 Howl Bitmap #cards 512 size 80 coarsen threshold 460 Card regions per heap region 1 cards per card region 4096
 CPUs: 12 total, 12 available
 Memory: 7895M
 Large Page Support: Disabled
 NUMA Support: Disabled
 Compressed Oops: Enabled (Zero based)
 Heap Region Size: 2M
 Heap Min Capacity: 8M
 Heap Initial Capacity: 124M
 Heap Max Capacity: 4G
 Pre-touch: Disabled
 Parallel Workers: 10
 Concurrent Workers: 3
 Concurrent Refinement Workers: 10
 Periodic GC: Disabled
Heap:
 garbage-first heap   total 69632K, used 48971K [0x0000000700000000, 0x0000000800000000)
  region size 2048K, 20 young (40960K), 4 survivors (8192K)
 Metaspace       used 26884K, committed 27328K, reserved 917504K
  class space    used 3324K, committed 3520K, reserved 851968K
GC Heap History (8 events):
Event: 2.266 GC heap before
{Heap before GC invocations=0 (full 0):
 garbage-first heap   total 126976K, used 24576K [0x0000000700000000, 0x0000000800000000)
  region size 2048K, 11 young (22528K), 0 survivors (0K)
 Metaspace       used 9474K, committed 9600K, reserved 917504K
  class space    used 911K, committed 960K, reserved 851968K
}
Event: 2.306 GC heap after
{Heap after GC invocations=1 (full 0):
 garbage-first heap   total 126976K, used 10772K [0x0000000700000000, 0x0000000800000000)
  region size 2048K, 2 young (4096K), 2 survivors (4096K)
 Metaspace       used 9474K, committed 9600K, reserved 917504K
  class space    used 911K, committed 960K, reserved 851968K
}
Event: 3.256 GC heap before
{Heap before GC invocations=1 (full 0):
 garbage-first heap   total 126976K, used 33300K [0x0000000700000000, 0x0000000800000000)
  region size 2048K, 13 young (26624K), 2 survivors (4096K)
 Metaspace       used 12826K, committed 12992K, reserved 917504K
  class space    used 1411K, committed 1472K, reserved 851968K
}
Event: 3.301 GC heap after
{Heap after GC invocations=2 (full 0):
 garbage-first heap   total 126976K, used 12240K [0x0000000700000000, 0x0000000800000000)
  region size 2048K, 1 young (2048K), 1 survivors (2048K)
 Metaspace       used 12826K, committed 12992K, reserved 917504K
  class space    used 1411K, committed 1472K, reserved 851968K
}
Event: 5.046 GC heap before
{Heap before GC invocations=2 (full 0):
 garbage-first heap   total 126976K, used 49104K [0x0000000700000000, 0x0000000800000000)
  region size 2048K, 20 young (40960K), 1 survivors (2048K)
 Metaspace       used 14113K, committed 14336K, reserved 917504K
  class space    used 1614K, committed 1728K, reserved 851968K
}
Event: 5.052 GC heap after
{Heap after GC invocations=3 (full 0):
 garbage-first heap   total 126976K, used 17330K [0x0000000700000000, 0x0000000800000000)
  region size 2048K, 3 young (6144K), 3 survivors (6144K)
 Metaspace       used 14113K, committed 14336K, reserved 917504K
  class space    used 1614K, committed 1728K, reserved 851968K
}
Event: 6.047 GC heap before
{Heap before GC invocations=3 (full 0):
 garbage-first heap   total 126976K, used 35762K [0x0000000700000000, 0x0000000800000000)
  region size 2048K, 13 young (26624K), 3 survivors (6144K)
 Metaspace       used 21140K, committed 21504K, reserved 917504K
  class space    used 2480K, committed 2688K, reserved 851968K
}
Event: 6.050 GC heap after
{Heap after GC invocations=4 (full 0):
 garbage-first heap   total 126976K, used 20299K [0x0000000700000000, 0x0000000800000000)
  region size 2048K, 4 young (8192K), 4 survivors (8192K)
 Metaspace       used 21140K, committed 21504K, reserved 917504K
  class space    used 2480K, committed 2688K, reserved 851968K
}

